Using pre-set license
Built from '2020.3/release' branch; Version is '2020.3.2f1 (8fd9074bf66c) revision 9427207'; Using compiler version '192528614'; Build Type 'Release'
OS: 'Windows 10 Home; OS build 19041.985; Version 2004; 64bit' Language: 'en' Physical Memory: 15789 MB
BatchMode: 1, IsHumanControllingUs: 0, StartBugReporterOnCrash: 0, Is64bit: 1, IsPro: 0

 COMMAND LINE ARGUMENTS:
C:\Program Files\Unity\Hub\Editor\2020.3.2f1\Editor\Unity.exe
-adb2
-batchMode
-noUpm
-name
AssetImportWorker0
-projectPath
C:/Users/olgar/Documents/unity-projects/Blindness-Game
-logFile
Logs/AssetImportWorker0.log
-srvPort
65155
Successfully changed project path to: C:/Users/olgar/Documents/unity-projects/Blindness-Game
C:/Users/olgar/Documents/unity-projects/Blindness-Game
Using Asset Import Pipeline V2.
Refreshing native plugins compatible for Editor in 37.39 ms, found 0 plugins.
Preloading 0 native plugins for Editor in 0.00 ms.
Initialize engine version: 2020.3.2f1 (8fd9074bf66c)
[Subsystems] Discovering subsystems at path C:/Program Files/Unity/Hub/Editor/2020.3.2f1/Editor/Data/Resources/UnitySubsystems
[Subsystems] Discovering subsystems at path C:/Users/olgar/Documents/unity-projects/Blindness-Game/Assets
GfxDevice: creating device client; threaded=0
Direct3D:
    Version:  Direct3D 11.0 [level 11.1]
    Renderer: NVIDIA GeForce RTX 2060 with Max-Q Design (ID=0x1f12)
    Vendor:   
    VRAM:     5980 MB
    Driver:   27.21.14.5763
Initialize mono
Mono path[0] = 'C:/Program Files/Unity/Hub/Editor/2020.3.2f1/Editor/Data/Managed'
Mono path[1] = 'C:/Program Files/Unity/Hub/Editor/2020.3.2f1/Editor/Data/MonoBleedingEdge/lib/mono/unityjit'
Mono config path = 'C:/Program Files/Unity/Hub/Editor/2020.3.2f1/Editor/Data/MonoBleedingEdge/etc'
Using monoOptions --debugger-agent=transport=dt_socket,embedding=1,server=y,suspend=n,address=127.0.0.1:56012
Begin MonoManager ReloadAssembly
Registering precompiled unity dll's ...
Register platform support module: C:/Program Files/Unity/Hub/Editor/2020.3.2f1/Editor/Data/PlaybackEngines/WebGLSupport/UnityEditor.WebGL.Extensions.dll
Register platform support module: C:/Program Files/Unity/Hub/Editor/2020.3.2f1/Editor/Data/PlaybackEngines/WindowsStandaloneSupport/UnityEditor.WindowsStandalone.Extensions.dll
Registered in 0.002845 seconds.
Native extension for WindowsStandalone target not found
Native extension for WebGL target not found
Refreshing native plugins compatible for Editor in 36.63 ms, found 0 plugins.
Preloading 0 native plugins for Editor in 0.00 ms.
Invoked RoslynAnalysisRunner static constructor.
RoslynAnalysisRunner will not be running.
RoslynAnalysisRunner has terminated.
Mono: successfully reloaded assembly
- Completed reload, in  1.120 seconds
Platform modules already initialized, skipping
Registering precompiled user dll's ...
Registered in 0.002726 seconds.
Begin MonoManager ReloadAssembly
Native extension for WindowsStandalone target not found
Native extension for WebGL target not found
Refreshing native plugins compatible for Editor in 0.49 ms, found 0 plugins.
Preloading 0 native plugins for Editor in 0.00 ms.
Invoked RoslynAnalysisRunner static constructor.
RoslynAnalysisRunner will not be running.
RoslynAnalysisRunner has terminated.
Mono: successfully reloaded assembly
- Completed reload, in  0.880 seconds
Platform modules already initialized, skipping
========================================================================
Worker process is ready to serve import requests
Launched and connected shader compiler UnityShaderCompiler.exe after 0.05 seconds
Refreshing native plugins compatible for Editor in 0.41 ms, found 0 plugins.
Preloading 0 native plugins for Editor in 0.00 ms.
Unloading 1579 Unused Serialized files (Serialized files now loaded: 0)
System memory in use before: 70.4 MB.
System memory in use after: 70.5 MB.

Unloading 34 unused Assets to reduce memory usage. Loaded Objects now: 2010.
Total: 1.742300 ms (FindLiveObjects: 0.188200 ms CreateObjectMapping: 0.034200 ms MarkObjects: 1.452000 ms  DeleteObjects: 0.066200 ms)

========================================================================
Received Import Request.
  path: Assets/Scripts/AutomaticJumpMovement.cs
  artifactKey: Guid(79dde2e88b70f8e42b244c22bc7cf2a2) Importer(815301076,1909f56bfc062723c751e8b465ee728b)
Start importing Assets/Scripts/AutomaticJumpMovement.cs using Guid(79dde2e88b70f8e42b244c22bc7cf2a2) Importer(815301076,1909f56bfc062723c751e8b465ee728b)  -> (artifact id: 'b3647e2aa7d42a42a5865d2a74eb9041') in 0.057848 seconds
  Import took 0.062891 seconds .

========================================================================
Received Import Request.
  Time since last request: 50.020688 seconds.
  path: Assets/Scripts/CollectStar.cs
  artifactKey: Guid(418bf449ba14fda4ab3a8c8ca809f44b) Importer(815301076,1909f56bfc062723c751e8b465ee728b)
Start importing Assets/Scripts/CollectStar.cs using Guid(418bf449ba14fda4ab3a8c8ca809f44b) Importer(815301076,1909f56bfc062723c751e8b465ee728b)  -> (artifact id: 'd0ad296973265ab2c11c4e790a3ae3f8') in 0.002208 seconds
  Import took 0.006624 seconds .

========================================================================
Received Import Request.
  Time since last request: 68.954679 seconds.
  path: Assets/Scripts/EnemyControl.cs
  artifactKey: Guid(c67eac986b1e30044b7d1dcd658a817c) Importer(815301076,1909f56bfc062723c751e8b465ee728b)
Start importing Assets/Scripts/EnemyControl.cs using Guid(c67eac986b1e30044b7d1dcd658a817c) Importer(815301076,1909f56bfc062723c751e8b465ee728b)  -> (artifact id: 'f0059cab09cabff7d16e7f08f10ab883') in 0.002161 seconds
  Import took 0.006864 seconds .

========================================================================
Received Prepare
Registering precompiled user dll's ...
Registered in 0.002027 seconds.
Begin MonoManager ReloadAssembly
Native extension for WindowsStandalone target not found
Native extension for WebGL target not found
Refreshing native plugins compatible for Editor in 0.47 ms, found 0 plugins.
Preloading 0 native plugins for Editor in 0.00 ms.
Invoked RoslynAnalysisRunner static constructor.
RoslynAnalysisRunner will not be running.
RoslynAnalysisRunner has terminated.
Mono: successfully reloaded assembly
- Completed reload, in  0.741 seconds
Platform modules already initialized, skipping
Refreshing native plugins compatible for Editor in 0.40 ms, found 0 plugins.
Preloading 0 native plugins for Editor in 0.00 ms.
Unloading 1573 Unused Serialized files (Serialized files now loaded: 0)
System memory in use before: 70.2 MB.
System memory in use after: 70.3 MB.

Unloading 25 unused Assets to reduce memory usage. Loaded Objects now: 2014.
Total: 1.825400 ms (FindLiveObjects: 0.182300 ms CreateObjectMapping: 0.033200 ms MarkObjects: 1.584500 ms  DeleteObjects: 0.024000 ms)

========================================================================
Received Import Request.
  Time since last request: 22.067940 seconds.
  path: Assets/Scripts/DoorControl.cs
  artifactKey: Guid(243abd6db306c0545925b178175b49a1) Importer(815301076,1909f56bfc062723c751e8b465ee728b)
Start importing Assets/Scripts/DoorControl.cs using Guid(243abd6db306c0545925b178175b49a1) Importer(815301076,1909f56bfc062723c751e8b465ee728b)  -> (artifact id: '01adb017393727ee17df8db7829349e2') in 0.004369 seconds
  Import took 0.008462 seconds .

========================================================================
Received Prepare
Registering precompiled user dll's ...
Registered in 0.002615 seconds.
Begin MonoManager ReloadAssembly
Native extension for WindowsStandalone target not found
Native extension for WebGL target not found
Refreshing native plugins compatible for Editor in 0.41 ms, found 0 plugins.
Preloading 0 native plugins for Editor in 0.00 ms.
Invoked RoslynAnalysisRunner static constructor.
RoslynAnalysisRunner will not be running.
RoslynAnalysisRunner has terminated.
Mono: successfully reloaded assembly
- Completed reload, in  0.709 seconds
Platform modules already initialized, skipping
Refreshing native plugins compatible for Editor in 0.40 ms, found 0 plugins.
Preloading 0 native plugins for Editor in 0.00 ms.
Unloading 1572 Unused Serialized files (Serialized files now loaded: 0)
System memory in use before: 70.2 MB.
System memory in use after: 70.3 MB.

Unloading 25 unused Assets to reduce memory usage. Loaded Objects now: 2017.
Total: 2.167500 ms (FindLiveObjects: 0.318900 ms CreateObjectMapping: 0.132300 ms MarkObjects: 1.691500 ms  DeleteObjects: 0.022200 ms)

========================================================================
Received Import Request.
  Time since last request: 70.324186 seconds.
  path: Assets/Scripts/EnemyControl.cs
  artifactKey: Guid(c67eac986b1e30044b7d1dcd658a817c) Importer(815301076,1909f56bfc062723c751e8b465ee728b)
Start importing Assets/Scripts/EnemyControl.cs using Guid(c67eac986b1e30044b7d1dcd658a817c) Importer(815301076,1909f56bfc062723c751e8b465ee728b)  -> (artifact id: 'f8909cf5d7fe4a8cd1e862822f3ea310') in 0.004254 seconds
  Import took 0.008289 seconds .

========================================================================
Received Prepare
Registering precompiled user dll's ...
Registered in 0.002668 seconds.
Begin MonoManager ReloadAssembly
Native extension for WindowsStandalone target not found
Native extension for WebGL target not found
Refreshing native plugins compatible for Editor in 0.45 ms, found 0 plugins.
Preloading 0 native plugins for Editor in 0.00 ms.
Invoked RoslynAnalysisRunner static constructor.
RoslynAnalysisRunner will not be running.
RoslynAnalysisRunner has terminated.
Mono: successfully reloaded assembly
- Completed reload, in  0.739 seconds
Platform modules already initialized, skipping
Refreshing native plugins compatible for Editor in 0.39 ms, found 0 plugins.
Preloading 0 native plugins for Editor in 0.00 ms.
Unloading 1572 Unused Serialized files (Serialized files now loaded: 0)
System memory in use before: 70.2 MB.
System memory in use after: 70.3 MB.

Unloading 25 unused Assets to reduce memory usage. Loaded Objects now: 2020.
Total: 2.203900 ms (FindLiveObjects: 0.280800 ms CreateObjectMapping: 0.091600 ms MarkObjects: 1.805100 ms  DeleteObjects: 0.024300 ms)

========================================================================
Received Import Request.
  Time since last request: 193.102789 seconds.
  path: Assets/Scripts/PlayerControl.cs
  artifactKey: Guid(3957db8daa13b164d8681359d34a4174) Importer(815301076,1909f56bfc062723c751e8b465ee728b)
Start importing Assets/Scripts/PlayerControl.cs using Guid(3957db8daa13b164d8681359d34a4174) Importer(815301076,1909f56bfc062723c751e8b465ee728b)  -> (artifact id: '8f15480896f1a68140ac81c445c82b6d') in 0.004921 seconds
  Import took 0.009076 seconds .

========================================================================
Received Import Request.
  Time since last request: 6.087246 seconds.
  path: Assets/Scripts/ScoringSystem.cs
  artifactKey: Guid(0e43bd079ae961c4aa5f6778111e0f1f) Importer(815301076,1909f56bfc062723c751e8b465ee728b)
Start importing Assets/Scripts/ScoringSystem.cs using Guid(0e43bd079ae961c4aa5f6778111e0f1f) Importer(815301076,1909f56bfc062723c751e8b465ee728b)  -> (artifact id: '6c54e80caa48959e9124ec5a2cb9a943') in 0.002190 seconds
  Import took 0.006296 seconds .

========================================================================
Received Import Request.
  Time since last request: 42.045359 seconds.
  path: Assets/Scripts/TallEnemyControl.cs
  artifactKey: Guid(8c09d564083cd4b4b84a0b13a0d41d12) Importer(815301076,1909f56bfc062723c751e8b465ee728b)
Start importing Assets/Scripts/TallEnemyControl.cs using Guid(8c09d564083cd4b4b84a0b13a0d41d12) Importer(815301076,1909f56bfc062723c751e8b465ee728b)  -> (artifact id: 'c62e4a2fa24da527b0bfc774d4d33daf') in 0.002325 seconds
  Import took 0.007119 seconds .

========================================================================
Received Prepare
Registering precompiled user dll's ...
Registered in 0.002982 seconds.
Begin MonoManager ReloadAssembly
Native extension for WindowsStandalone target not found
Native extension for WebGL target not found
Refreshing native plugins compatible for Editor in 0.43 ms, found 0 plugins.
Preloading 0 native plugins for Editor in 0.00 ms.
Invoked RoslynAnalysisRunner static constructor.
RoslynAnalysisRunner will not be running.
RoslynAnalysisRunner has terminated.
Mono: successfully reloaded assembly
- Completed reload, in  0.701 seconds
Platform modules already initialized, skipping
Refreshing native plugins compatible for Editor in 0.39 ms, found 0 plugins.
Preloading 0 native plugins for Editor in 0.00 ms.
Unloading 1572 Unused Serialized files (Serialized files now loaded: 0)
System memory in use before: 70.2 MB.
System memory in use after: 70.4 MB.

Unloading 25 unused Assets to reduce memory usage. Loaded Objects now: 2023.
Total: 2.027300 ms (FindLiveObjects: 0.459400 ms CreateObjectMapping: 0.135100 ms MarkObjects: 1.412000 ms  DeleteObjects: 0.018800 ms)

========================================================================
Received Import Request.
  Time since last request: 30.506747 seconds.
  path: Assets/Scripts/TallEnemyControl.cs
  artifactKey: Guid(8c09d564083cd4b4b84a0b13a0d41d12) Importer(815301076,1909f56bfc062723c751e8b465ee728b)
Start importing Assets/Scripts/TallEnemyControl.cs using Guid(8c09d564083cd4b4b84a0b13a0d41d12) Importer(815301076,1909f56bfc062723c751e8b465ee728b)  -> (artifact id: '1dac623de0bc600bb34398d301ee315c') in 0.004098 seconds
  Import took 0.008493 seconds .

========================================================================
Received Prepare
Registering precompiled user dll's ...
Registered in 0.002077 seconds.
Begin MonoManager ReloadAssembly
Native extension for WindowsStandalone target not found
Native extension for WebGL target not found
Refreshing native plugins compatible for Editor in 0.40 ms, found 0 plugins.
Preloading 0 native plugins for Editor in 0.00 ms.
Invoked RoslynAnalysisRunner static constructor.
RoslynAnalysisRunner will not be running.
RoslynAnalysisRunner has terminated.
Mono: successfully reloaded assembly
- Completed reload, in  0.719 seconds
Platform modules already initialized, skipping
Refreshing native plugins compatible for Editor in 0.43 ms, found 0 plugins.
Preloading 0 native plugins for Editor in 0.00 ms.
Unloading 1572 Unused Serialized files (Serialized files now loaded: 0)
System memory in use before: 70.3 MB.
System memory in use after: 70.4 MB.

Unloading 25 unused Assets to reduce memory usage. Loaded Objects now: 2026.
Total: 1.767300 ms (FindLiveObjects: 0.172700 ms CreateObjectMapping: 0.034100 ms MarkObjects: 1.529600 ms  DeleteObjects: 0.029700 ms)

AssetImportWorkerClient::OnTransportError - code=2 error=End of file
